C:\PROJECT\UNMAN\SOFTWARE\ADAPTER2\MODBUS\BUILD\ADAPTER.DIR\DEBUG\ADAPTER.EXE.EMBED.MANIFEST
C:\PROJECT\UNMAN\SOFTWARE\ADAPTER2\MODBUS\BUILD\ADAPTER.DIR\DEBUG\ADAPTER.EXE.EMBED.MANIFEST.RES
C:\PROJECT\UNMAN\SOFTWARE\ADAPTER2\MODBUS\BUILD\ADAPTER.DIR\DEBUG\ADAPTER.EXE.INTERMEDIATE.MANIFEST
C:\PROJECT\UNMAN\SOFTWARE\ADAPTER2\MODBUS\BUILD\ADAPTER.DIR\DEBUG\ADAPTER.OBJ
C:\Project\UNMan\Software\adapter2\modbus\build\adapter.dir\Debug\adapter.vcxprojResolveAssemblyReference.cache
C:\Project\UNMan\Software\adapter2\modbus\build\adapter.dir\Debug\adapter.write.1.tlog
C:\Project\UNMan\Software\adapter2\modbus\build\adapter.dir\Debug\adapter_manifest.rc
C:\PROJECT\UNMAN\SOFTWARE\ADAPTER2\MODBUS\BUILD\ADAPTER.DIR\DEBUG\ALIASCONTENT.OBJ
C:\Project\UNMan\Software\adapter2\modbus\build\adapter.dir\Debug\cl.command.1.tlog
C:\Project\UNMan\Software\adapter2\modbus\build\adapter.dir\Debug\CL.read.1.tlog
C:\Project\UNMan\Software\adapter2\modbus\build\adapter.dir\Debug\CL.write.1.tlog
C:\PROJECT\UNMAN\SOFTWARE\ADAPTER2\MODBUS\BUILD\ADAPTER.DIR\DEBUG\CLIENT.OBJ
C:\PROJECT\UNMAN\SOFTWARE\ADAPTER2\MODBUS\BUILD\ADAPTER.DIR\DEBUG\CONDITION.OBJ
C:\PROJECT\UNMAN\SOFTWARE\ADAPTER2\MODBUS\BUILD\ADAPTER.DIR\DEBUG\CONFIGURATION.OBJ
C:\PROJECT\UNMAN\SOFTWARE\ADAPTER2\MODBUS\BUILD\ADAPTER.DIR\DEBUG\CONVERSION.OBJ
C:\Project\UNMan\Software\adapter2\modbus\build\adapter.dir\Debug\custombuild.command.1.tlog
C:\Project\UNMan\Software\adapter2\modbus\build\adapter.dir\Debug\custombuild.read.1.tlog
C:\Project\UNMan\Software\adapter2\modbus\build\adapter.dir\Debug\custombuild.write.1.tlog
C:\PROJECT\UNMAN\SOFTWARE\ADAPTER2\MODBUS\BUILD\ADAPTER.DIR\DEBUG\CUTTING_TOOL.OBJ
C:\PROJECT\UNMAN\SOFTWARE\ADAPTER2\MODBUS\BUILD\ADAPTER.DIR\DEBUG\DEVICE_DATUM.OBJ
C:\PROJECT\UNMAN\SOFTWARE\ADAPTER2\MODBUS\BUILD\ADAPTER.DIR\DEBUG\EMITTER.OBJ
C:\PROJECT\UNMAN\SOFTWARE\ADAPTER2\MODBUS\BUILD\ADAPTER.DIR\DEBUG\EMITTERSTATE.OBJ
C:\PROJECT\UNMAN\SOFTWARE\ADAPTER2\MODBUS\BUILD\ADAPTER.DIR\DEBUG\EMITTERUTILS.OBJ
C:\PROJECT\UNMAN\SOFTWARE\ADAPTER2\MODBUS\BUILD\ADAPTER.DIR\DEBUG\EXP.OBJ
C:\PROJECT\UNMAN\SOFTWARE\ADAPTER2\MODBUS\BUILD\ADAPTER.DIR\DEBUG\ITERATOR.OBJ
C:\Project\UNMan\Software\adapter2\modbus\build\adapter.dir\Debug\link.7556.read.1.tlog
C:\Project\UNMan\Software\adapter2\modbus\build\adapter.dir\Debug\link.7556.write.1.tlog
C:\Project\UNMan\Software\adapter2\modbus\build\adapter.dir\Debug\link.7556-cvtres.read.1.tlog
C:\Project\UNMan\Software\adapter2\modbus\build\adapter.dir\Debug\link.7556-cvtres.write.1.tlog
C:\Project\UNMan\Software\adapter2\modbus\build\adapter.dir\Debug\link.command.1.tlog
C:\Project\UNMan\Software\adapter2\modbus\build\adapter.dir\Debug\link.read.1.tlog
C:\Project\UNMan\Software\adapter2\modbus\build\adapter.dir\Debug\link.write.1.tlog
C:\Project\UNMan\Software\adapter2\modbus\build\adapter.dir\Debug\link-cvtres.read.1.tlog
C:\Project\UNMan\Software\adapter2\modbus\build\adapter.dir\Debug\link-cvtres.write.1.tlog
C:\PROJECT\UNMAN\SOFTWARE\ADAPTER2\MODBUS\BUILD\ADAPTER.DIR\DEBUG\LOGGER.OBJ
C:\PROJECT\UNMAN\SOFTWARE\ADAPTER2\MODBUS\BUILD\ADAPTER.DIR\DEBUG\MAP.OBJ
C:\PROJECT\UNMAN\SOFTWARE\ADAPTER2\MODBUS\BUILD\ADAPTER.DIR\DEBUG\MODBUS.OBJ
C:\PROJECT\UNMAN\SOFTWARE\ADAPTER2\MODBUS\BUILD\ADAPTER.DIR\DEBUG\MODBUS_ADAPTER.OBJ
C:\PROJECT\UNMAN\SOFTWARE\ADAPTER2\MODBUS\BUILD\ADAPTER.DIR\DEBUG\MODBUS_LIB.OBJ
C:\Project\UNMan\Software\adapter2\modbus\build\adapter.dir\Debug\mt.command.1.tlog
C:\Project\UNMan\Software\adapter2\modbus\build\adapter.dir\Debug\mt.read.1.tlog
C:\Project\UNMan\Software\adapter2\modbus\build\adapter.dir\Debug\mt.write.1.tlog
C:\PROJECT\UNMAN\SOFTWARE\ADAPTER2\MODBUS\BUILD\ADAPTER.DIR\DEBUG\NODE.OBJ
C:\PROJECT\UNMAN\SOFTWARE\ADAPTER2\MODBUS\BUILD\ADAPTER.DIR\DEBUG\NULL.OBJ
C:\PROJECT\UNMAN\SOFTWARE\ADAPTER2\MODBUS\BUILD\ADAPTER.DIR\DEBUG\OSTREAM.OBJ
C:\PROJECT\UNMAN\SOFTWARE\ADAPTER2\MODBUS\BUILD\ADAPTER.DIR\DEBUG\PARSER.OBJ
C:\PROJECT\UNMAN\SOFTWARE\ADAPTER2\MODBUS\BUILD\ADAPTER.DIR\DEBUG\PARSERSTATE.OBJ
C:\Project\UNMan\Software\adapter2\modbus\build\adapter.dir\Debug\rc.command.1.tlog
C:\Project\UNMan\Software\adapter2\modbus\build\adapter.dir\Debug\rc.read.1.tlog
C:\Project\UNMan\Software\adapter2\modbus\build\adapter.dir\Debug\rc.write.1.tlog
C:\PROJECT\UNMAN\SOFTWARE\ADAPTER2\MODBUS\BUILD\ADAPTER.DIR\DEBUG\REGEX.OBJ
C:\PROJECT\UNMAN\SOFTWARE\ADAPTER2\MODBUS\BUILD\ADAPTER.DIR\DEBUG\SCALAR.OBJ
C:\PROJECT\UNMAN\SOFTWARE\ADAPTER2\MODBUS\BUILD\ADAPTER.DIR\DEBUG\SCANNER.OBJ
C:\PROJECT\UNMAN\SOFTWARE\ADAPTER2\MODBUS\BUILD\ADAPTER.DIR\DEBUG\SCANSCALAR.OBJ
C:\PROJECT\UNMAN\SOFTWARE\ADAPTER2\MODBUS\BUILD\ADAPTER.DIR\DEBUG\SCANTAG.OBJ
C:\PROJECT\UNMAN\SOFTWARE\ADAPTER2\MODBUS\BUILD\ADAPTER.DIR\DEBUG\SCANTOKEN.OBJ
C:\PROJECT\UNMAN\SOFTWARE\ADAPTER2\MODBUS\BUILD\ADAPTER.DIR\DEBUG\SEQUENCE.OBJ
C:\PROJECT\UNMAN\SOFTWARE\ADAPTER2\MODBUS\BUILD\ADAPTER.DIR\DEBUG\SERIAL.OBJ
C:\PROJECT\UNMAN\SOFTWARE\ADAPTER2\MODBUS\BUILD\ADAPTER.DIR\DEBUG\SERVER.OBJ
C:\PROJECT\UNMAN\SOFTWARE\ADAPTER2\MODBUS\BUILD\ADAPTER.DIR\DEBUG\SERVICE.OBJ
C:\PROJECT\UNMAN\SOFTWARE\ADAPTER2\MODBUS\BUILD\ADAPTER.DIR\DEBUG\SIMPLEKEY.OBJ
C:\PROJECT\UNMAN\SOFTWARE\ADAPTER2\MODBUS\BUILD\ADAPTER.DIR\DEBUG\STREAM.OBJ
C:\PROJECT\UNMAN\SOFTWARE\ADAPTER2\MODBUS\BUILD\ADAPTER.DIR\DEBUG\STRING_ARRAY.OBJ
C:\PROJECT\UNMAN\SOFTWARE\ADAPTER2\MODBUS\BUILD\ADAPTER.DIR\DEBUG\STRING_BUFFER.OBJ
C:\PROJECT\UNMAN\SOFTWARE\ADAPTER2\MODBUS\BUILD\ADAPTER.DIR\DEBUG\TAG.OBJ
C:\PROJECT\UNMAN\SOFTWARE\ADAPTER2\MODBUS\BUILD\ADAPTER.DIR\DEBUG\TIME_SERIES.OBJ
C:\PROJECT\UNMAN\SOFTWARE\ADAPTER2\MODBUS\BUILD\ADAPTER.DIR\DEBUG\VC100.PDB
C:\PROJECT\UNMAN\SOFTWARE\ADAPTER2\MODBUS\BUILD\CMAKEFILES\GENERATE.STAMP
C:\PROJECT\UNMAN\SOFTWARE\ADAPTER2\MODBUS\BUILD\DEBUG\ADAPTER.EXE
C:\PROJECT\UNMAN\SOFTWARE\ADAPTER2\MODBUS\BUILD\DEBUG\ADAPTER.ILK
C:\PROJECT\UNMAN\SOFTWARE\ADAPTER2\MODBUS\BUILD\DEBUG\ADAPTER.PDB
