Build started 2/15/2016 2:42:15 PM.
     1>Project "C:\Project\UNMan\Software\adapter2\yaml\yamlcpp.vcxproj" on node 2 (build target(s)).
     1>InitializeBuildStatus:
         Creating "Debug\yamlcpp.unsuccessfulbuild" because "AlwaysCreate" was specified.
       ClCompile:
         c:\Program Files\Microsoft Visual Studio 10.0\VC\bin\CL.exe /c /Iinclude /Zi /nologo /W4 /WX- /Od /Oy- /D WIN32 /D _DEBUG /D _LIB /D _UNICODE /D UNICODE /Gm /EHsc /RTC1 /MDd /GS /fp:precise /Zc:wchar_t /Zc:forScope /Fo"Debug\\" /Fd"Debug\vc100.pdb" /Gd /TP /wd4127 /wd4355 /analyze- /errorReport:prompt src\parser.cpp src\parserstate.cpp src\aliascontent.cpp src\conversion.cpp src\iterator.cpp src\map.cpp src\node.cpp src\null.cpp src\scalar.cpp src\sequence.cpp src\tag.cpp src\exp.cpp src\regex.cpp src\scanner.cpp src\scanscalar.cpp src\scantag.cpp src\scantoken.cpp src\simplekey.cpp src\stream.cpp src\emitter.cpp src\emitterstate.cpp src\emitterutils.cpp src\ostream.cpp t.cpp /D_SCL_SECURE_NO_WARNINGS 
         t.cpp
         ostream.cpp
         emitterutils.cpp
         emitterstate.cpp
         emitter.cpp
         stream.cpp
     1>src\stream.cpp(410): warning C4244: '=' : conversion from 'std::streamsize' to 'size_t', possible loss of data
         simplekey.cpp
         scantoken.cpp
         scantag.cpp
         scanscalar.cpp
         scanner.cpp
         regex.cpp
         exp.cpp
         tag.cpp
         sequence.cpp
         scalar.cpp
         null.cpp
         node.cpp
         map.cpp
         iterator.cpp
         Generating Code...
     1>c:\project\unman\software\adapter2\yaml\src\tag.cpp(48): warning C4715: 'YAML::Tag::Translate' : not all control paths return a value
     1>c:\project\unman\software\adapter2\yaml\src\scanner.cpp(280): warning C4715: 'YAML::Scanner::GetStartTokenFor' : not all control paths return a value
         Compiling...
         conversion.cpp
         aliascontent.cpp
         parserstate.cpp
         parser.cpp
         Generating Code...
       MakeDirsForLib:
         Creating directory "C:\Project\UNMan\Software\adapter2\yaml\lib".
     1>C:\Program Files\MSBuild\Microsoft.Cpp\v4.0\Microsoft.CppBuild.targets(1151,5): warning MSB8012: TargetPath(C:\Project\UNMan\Software\adapter2\yaml\Debug\yamlcpp.lib) does not match the Library's OutputFile property value (C:\Project\UNMan\Software\adapter2\yaml\lib\yamlcppd.lib). This may cause your project to build incorrectly. To correct this, please make sure that $(OutDir), $(TargetName) and $(TargetExt) property values match the value specified in %(Lib.OutputFile).
     1>C:\Program Files\MSBuild\Microsoft.Cpp\v4.0\Microsoft.CppBuild.targets(1153,5): warning MSB8012: TargetName(yamlcpp) does not match the Library's OutputFile property value (yamlcppd). This may cause your project to build incorrectly. To correct this, please make sure that $(OutDir), $(TargetName) and $(TargetExt) property values match the value specified in %(Lib.OutputFile).
       Lib:
         c:\Program Files\Microsoft Visual Studio 10.0\VC\bin\Lib.exe /OUT:"lib\yamlcppd.lib" /NOLOGO Debug\parser.obj
         Debug\parserstate.obj
         Debug\aliascontent.obj
         Debug\conversion.obj
         Debug\iterator.obj
         Debug\map.obj
         Debug\node.obj
         Debug\null.obj
         Debug\scalar.obj
         Debug\sequence.obj
         Debug\tag.obj
         Debug\exp.obj
         Debug\regex.obj
         Debug\scanner.obj
         Debug\scanscalar.obj
         Debug\scantag.obj
         Debug\scantoken.obj
         Debug\simplekey.obj
         Debug\stream.obj
         Debug\emitter.obj
         Debug\emitterstate.obj
         Debug\emitterutils.obj
         Debug\ostream.obj
         Debug\t.obj
         yamlcpp.vcxproj -> C:\Project\UNMan\Software\adapter2\yaml\Debug\yamlcpp.lib
       FinalizeBuildStatus:
         Deleting file "Debug\yamlcpp.unsuccessfulbuild".
         Touching "Debug\yamlcpp.lastbuildstate".
     1>Done Building Project "C:\Project\UNMan\Software\adapter2\yaml\yamlcpp.vcxproj" (build target(s)).

Build succeeded.

Time Elapsed 00:00:21.44
